<?xml version="1.0" encoding="UTF-8"?>
<testsuite xmlns:xsi="http://www.w3.org/2001/XMLSchema-instance" xsi:noNamespaceSchemaLocation="https://maven.apache.org/surefire/maven-surefire-plugin/xsd/surefire-test-report-3.0.xsd" version="3.0" name="com.codermast.takeoutfood.V1ApplicationTests" time="5.056" tests="1" errors="0" skipped="0" failures="0">
  <properties>
    <property name="java.specification.version" value="17"/>
    <property name="sun.jnu.encoding" value="UTF-8"/>
    <property name="java.class.path" value="/Users/jiajia/Desktop/sample/restaurantOrderingSystem/target/test-classes:/Users/jiajia/Desktop/sample/restaurantOrderingSystem/target/classes:/Users/jiajia/.m2/repository/org/springframework/boot/spring-boot-starter/2.3.7.RELEASE/spring-boot-starter-2.3.7.RELEASE.jar:/Users/jiajia/.m2/repository/org/springframework/boot/spring-boot/2.3.7.RELEASE/spring-boot-2.3.7.RELEASE.jar:/Users/jiajia/.m2/repository/org/springframework/spring-context/5.2.12.RELEASE/spring-context-5.2.12.RELEASE.jar:/Users/jiajia/.m2/repository/org/springframework/boot/spring-boot-autoconfigure/2.3.7.RELEASE/spring-boot-autoconfigure-2.3.7.RELEASE.jar:/Users/jiajia/.m2/repository/org/springframework/boot/spring-boot-starter-logging/2.3.7.RELEASE/spring-boot-starter-logging-2.3.7.RELEASE.jar:/Users/jiajia/.m2/repository/ch/qos/logback/logback-classic/1.2.3/logback-classic-1.2.3.jar:/Users/jiajia/.m2/repository/ch/qos/logback/logback-core/1.2.3/logback-core-1.2.3.jar:/Users/jiajia/.m2/repository/org/apache/logging/log4j/log4j-to-slf4j/2.13.3/log4j-to-slf4j-2.13.3.jar:/Users/jiajia/.m2/repository/org/apache/logging/log4j/log4j-api/2.13.3/log4j-api-2.13.3.jar:/Users/jiajia/.m2/repository/org/slf4j/jul-to-slf4j/1.7.30/jul-to-slf4j-1.7.30.jar:/Users/jiajia/.m2/repository/jakarta/annotation/jakarta.annotation-api/1.3.5/jakarta.annotation-api-1.3.5.jar:/Users/jiajia/.m2/repository/org/springframework/spring-core/5.2.12.RELEASE/spring-core-5.2.12.RELEASE.jar:/Users/jiajia/.m2/repository/org/springframework/spring-jcl/5.2.12.RELEASE/spring-jcl-5.2.12.RELEASE.jar:/Users/jiajia/.m2/repository/org/yaml/snakeyaml/1.26/snakeyaml-1.26.jar:/Users/jiajia/.m2/repository/org/springframework/boot/spring-boot-starter-test/2.3.7.RELEASE/spring-boot-starter-test-2.3.7.RELEASE.jar:/Users/jiajia/.m2/repository/org/springframework/boot/spring-boot-test/2.3.7.RELEASE/spring-boot-test-2.3.7.RELEASE.jar:/Users/jiajia/.m2/repository/org/springframework/boot/spring-boot-test-autoconfigure/2.3.7.RELEASE/spring-boot-test-autoconfigure-2.3.7.RELEASE.jar:/Users/jiajia/.m2/repository/com/jayway/jsonpath/json-path/2.4.0/json-path-2.4.0.jar:/Users/jiajia/.m2/repository/net/minidev/json-smart/2.3/json-smart-2.3.jar:/Users/jiajia/.m2/repository/net/minidev/accessors-smart/1.2/accessors-smart-1.2.jar:/Users/jiajia/.m2/repository/org/ow2/asm/asm/5.0.4/asm-5.0.4.jar:/Users/jiajia/.m2/repository/jakarta/xml/bind/jakarta.xml.bind-api/2.3.3/jakarta.xml.bind-api-2.3.3.jar:/Users/jiajia/.m2/repository/jakarta/activation/jakarta.activation-api/1.2.2/jakarta.activation-api-1.2.2.jar:/Users/jiajia/.m2/repository/org/assertj/assertj-core/3.16.1/assertj-core-3.16.1.jar:/Users/jiajia/.m2/repository/org/hamcrest/hamcrest/2.2/hamcrest-2.2.jar:/Users/jiajia/.m2/repository/org/junit/jupiter/junit-jupiter/5.6.3/junit-jupiter-5.6.3.jar:/Users/jiajia/.m2/repository/org/junit/jupiter/junit-jupiter-api/5.6.3/junit-jupiter-api-5.6.3.jar:/Users/jiajia/.m2/repository/org/opentest4j/opentest4j/1.2.0/opentest4j-1.2.0.jar:/Users/jiajia/.m2/repository/org/junit/platform/junit-platform-commons/1.6.3/junit-platform-commons-1.6.3.jar:/Users/jiajia/.m2/repository/org/junit/jupiter/junit-jupiter-params/5.6.3/junit-jupiter-params-5.6.3.jar:/Users/jiajia/.m2/repository/org/junit/jupiter/junit-jupiter-engine/5.6.3/junit-jupiter-engine-5.6.3.jar:/Users/jiajia/.m2/repository/org/junit/vintage/junit-vintage-engine/5.6.3/junit-vintage-engine-5.6.3.jar:/Users/jiajia/.m2/repository/org/apiguardian/apiguardian-api/1.1.0/apiguardian-api-1.1.0.jar:/Users/jiajia/.m2/repository/org/junit/platform/junit-platform-engine/1.6.3/junit-platform-engine-1.6.3.jar:/Users/jiajia/.m2/repository/junit/junit/4.13.1/junit-4.13.1.jar:/Users/jiajia/.m2/repository/org/mockito/mockito-core/3.3.3/mockito-core-3.3.3.jar:/Users/jiajia/.m2/repository/net/bytebuddy/byte-buddy/1.10.18/byte-buddy-1.10.18.jar:/Users/jiajia/.m2/repository/net/bytebuddy/byte-buddy-agent/1.10.18/byte-buddy-agent-1.10.18.jar:/Users/jiajia/.m2/repository/org/objenesis/objenesis/2.6/objenesis-2.6.jar:/Users/jiajia/.m2/repository/org/mockito/mockito-junit-jupiter/3.3.3/mockito-junit-jupiter-3.3.3.jar:/Users/jiajia/.m2/repository/org/skyscreamer/jsonassert/1.5.0/jsonassert-1.5.0.jar:/Users/jiajia/.m2/repository/com/vaadin/external/google/android-json/0.0.20131108.vaadin1/android-json-0.0.20131108.vaadin1.jar:/Users/jiajia/.m2/repository/org/springframework/spring-test/5.2.12.RELEASE/spring-test-5.2.12.RELEASE.jar:/Users/jiajia/.m2/repository/org/xmlunit/xmlunit-core/2.7.0/xmlunit-core-2.7.0.jar:/Users/jiajia/.m2/repository/com/baomidou/mybatis-plus-boot-starter/3.5.2/mybatis-plus-boot-starter-3.5.2.jar:/Users/jiajia/.m2/repository/com/baomidou/mybatis-plus/3.5.2/mybatis-plus-3.5.2.jar:/Users/jiajia/.m2/repository/com/baomidou/mybatis-plus-extension/3.5.2/mybatis-plus-extension-3.5.2.jar:/Users/jiajia/.m2/repository/com/baomidou/mybatis-plus-core/3.5.2/mybatis-plus-core-3.5.2.jar:/Users/jiajia/.m2/repository/com/baomidou/mybatis-plus-annotation/3.5.2/mybatis-plus-annotation-3.5.2.jar:/Users/jiajia/.m2/repository/com/github/jsqlparser/jsqlparser/4.4/jsqlparser-4.4.jar:/Users/jiajia/.m2/repository/org/mybatis/mybatis/3.5.10/mybatis-3.5.10.jar:/Users/jiajia/.m2/repository/org/mybatis/mybatis-spring/2.0.7/mybatis-spring-2.0.7.jar:/Users/jiajia/.m2/repository/org/jetbrains/kotlin/kotlin-stdlib-jdk8/1.3.72/kotlin-stdlib-jdk8-1.3.72.jar:/Users/jiajia/.m2/repository/org/jetbrains/kotlin/kotlin-stdlib/1.3.72/kotlin-stdlib-1.3.72.jar:/Users/jiajia/.m2/repository/org/jetbrains/kotlin/kotlin-stdlib-common/1.3.72/kotlin-stdlib-common-1.3.72.jar:/Users/jiajia/.m2/repository/org/jetbrains/annotations/13.0/annotations-13.0.jar:/Users/jiajia/.m2/repository/org/jetbrains/kotlin/kotlin-stdlib-jdk7/1.3.72/kotlin-stdlib-jdk7-1.3.72.jar:/Users/jiajia/.m2/repository/org/springframework/boot/spring-boot-starter-jdbc/2.3.7.RELEASE/spring-boot-starter-jdbc-2.3.7.RELEASE.jar:/Users/jiajia/.m2/repository/com/zaxxer/HikariCP/3.4.5/HikariCP-3.4.5.jar:/Users/jiajia/.m2/repository/org/springframework/spring-jdbc/5.2.12.RELEASE/spring-jdbc-5.2.12.RELEASE.jar:/Users/jiajia/.m2/repository/org/springframework/spring-tx/5.2.12.RELEASE/spring-tx-5.2.12.RELEASE.jar:/Users/jiajia/.m2/repository/org/springframework/boot/spring-boot-starter-web/2.3.7.RELEASE/spring-boot-starter-web-2.3.7.RELEASE.jar:/Users/jiajia/.m2/repository/org/springframework/boot/spring-boot-starter-json/2.3.7.RELEASE/spring-boot-starter-json-2.3.7.RELEASE.jar:/Users/jiajia/.m2/repository/com/fasterxml/jackson/core/jackson-databind/2.11.3/jackson-databind-2.11.3.jar:/Users/jiajia/.m2/repository/com/fasterxml/jackson/core/jackson-annotations/2.11.3/jackson-annotations-2.11.3.jar:/Users/jiajia/.m2/repository/com/fasterxml/jackson/core/jackson-core/2.11.3/jackson-core-2.11.3.jar:/Users/jiajia/.m2/repository/com/fasterxml/jackson/datatype/jackson-datatype-jdk8/2.11.3/jackson-datatype-jdk8-2.11.3.jar:/Users/jiajia/.m2/repository/com/fasterxml/jackson/datatype/jackson-datatype-jsr310/2.11.3/jackson-datatype-jsr310-2.11.3.jar:/Users/jiajia/.m2/repository/com/fasterxml/jackson/module/jackson-module-parameter-names/2.11.3/jackson-module-parameter-names-2.11.3.jar:/Users/jiajia/.m2/repository/org/springframework/boot/spring-boot-starter-tomcat/2.3.7.RELEASE/spring-boot-starter-tomcat-2.3.7.RELEASE.jar:/Users/jiajia/.m2/repository/org/apache/tomcat/embed/tomcat-embed-core/9.0.41/tomcat-embed-core-9.0.41.jar:/Users/jiajia/.m2/repository/org/glassfish/jakarta.el/3.0.3/jakarta.el-3.0.3.jar:/Users/jiajia/.m2/repository/org/apache/tomcat/embed/tomcat-embed-websocket/9.0.41/tomcat-embed-websocket-9.0.41.jar:/Users/jiajia/.m2/repository/org/springframework/spring-web/5.2.12.RELEASE/spring-web-5.2.12.RELEASE.jar:/Users/jiajia/.m2/repository/org/springframework/spring-beans/5.2.12.RELEASE/spring-beans-5.2.12.RELEASE.jar:/Users/jiajia/.m2/repository/org/springframework/spring-webmvc/5.2.12.RELEASE/spring-webmvc-5.2.12.RELEASE.jar:/Users/jiajia/.m2/repository/org/springframework/spring-aop/5.2.12.RELEASE/spring-aop-5.2.12.RELEASE.jar:/Users/jiajia/.m2/repository/org/springframework/spring-expression/5.2.12.RELEASE/spring-expression-5.2.12.RELEASE.jar:/Users/jiajia/.m2/repository/org/springframework/boot/spring-boot-starter-mail/2.3.7.RELEASE/spring-boot-starter-mail-2.3.7.RELEASE.jar:/Users/jiajia/.m2/repository/org/springframework/spring-context-support/5.2.12.RELEASE/spring-context-support-5.2.12.RELEASE.jar:/Users/jiajia/.m2/repository/com/sun/mail/jakarta.mail/1.6.5/jakarta.mail-1.6.5.jar:/Users/jiajia/.m2/repository/com/sun/activation/jakarta.activation/1.2.2/jakarta.activation-1.2.2.jar:/Users/jiajia/.m2/repository/org/projectlombok/lombok/1.18.24/lombok-1.18.24.jar:/Users/jiajia/.m2/repository/com/alibaba/fastjson/2.0.20/fastjson-2.0.20.jar:/Users/jiajia/.m2/repository/com/alibaba/fastjson2/fastjson2-extension/2.0.20/fastjson2-extension-2.0.20.jar:/Users/jiajia/.m2/repository/com/alibaba/fastjson2/fastjson2/2.0.20/fastjson2-2.0.20.jar:/Users/jiajia/.m2/repository/commons-lang/commons-lang/2.6/commons-lang-2.6.jar:/Users/jiajia/.m2/repository/mysql/mysql-connector-java/8.0.22/mysql-connector-java-8.0.22.jar:/Users/jiajia/.m2/repository/com/alibaba/druid-spring-boot-starter/1.2.15/druid-spring-boot-starter-1.2.15.jar:/Users/jiajia/.m2/repository/com/alibaba/druid/1.2.15/druid-1.2.15.jar:/Users/jiajia/.m2/repository/org/slf4j/slf4j-api/1.7.30/slf4j-api-1.7.30.jar:/Users/jiajia/.m2/repository/com/aliyun/aliyun-java-sdk-core/4.6.3/aliyun-java-sdk-core-4.6.3.jar:/Users/jiajia/.m2/repository/com/google/code/gson/gson/2.8.6/gson-2.8.6.jar:/Users/jiajia/.m2/repository/org/apache/httpcomponents/httpclient/4.5.13/httpclient-4.5.13.jar:/Users/jiajia/.m2/repository/commons-codec/commons-codec/1.14/commons-codec-1.14.jar:/Users/jiajia/.m2/repository/org/apache/httpcomponents/httpcore/4.4.14/httpcore-4.4.14.jar:/Users/jiajia/.m2/repository/commons-logging/commons-logging/1.2/commons-logging-1.2.jar:/Users/jiajia/.m2/repository/org/apache/commons/commons-lang3/3.10/commons-lang3-3.10.jar:/Users/jiajia/.m2/repository/javax/xml/bind/jaxb-api/2.3.1/jaxb-api-2.3.1.jar:/Users/jiajia/.m2/repository/javax/activation/javax.activation-api/1.2.0/javax.activation-api-1.2.0.jar:/Users/jiajia/.m2/repository/org/glassfish/jaxb/jaxb-runtime/2.3.3/jaxb-runtime-2.3.3.jar:/Users/jiajia/.m2/repository/org/glassfish/jaxb/txw2/2.3.3/txw2-2.3.3.jar:/Users/jiajia/.m2/repository/com/sun/istack/istack-commons-runtime/3.0.11/istack-commons-runtime-3.0.11.jar:/Users/jiajia/.m2/repository/org/bouncycastle/bcprov-jdk15on/1.70/bcprov-jdk15on-1.70.jar:/Users/jiajia/.m2/repository/org/jacoco/org.jacoco.agent/0.8.8/org.jacoco.agent-0.8.8-runtime.jar:/Users/jiajia/.m2/repository/org/ini4j/ini4j/0.5.4/ini4j-0.5.4.jar:/Users/jiajia/.m2/repository/io/opentracing/opentracing-api/0.33.0/opentracing-api-0.33.0.jar:/Users/jiajia/.m2/repository/io/opentracing/opentracing-util/0.33.0/opentracing-util-0.33.0.jar:/Users/jiajia/.m2/repository/io/opentracing/opentracing-noop/0.33.0/opentracing-noop-0.33.0.jar:/Users/jiajia/.m2/repository/com/aliyun/aliyun-java-sdk-dysmsapi/2.2.1/aliyun-java-sdk-dysmsapi-2.2.1.jar:"/>
    <property name="java.vm.vendor" value="Amazon.com Inc."/>
    <property name="sun.arch.data.model" value="64"/>
    <property name="java.vendor.url" value="https://aws.amazon.com/corretto/"/>
    <property name="user.timezone" value="America/Los_Angeles"/>
    <property name="os.name" value="Mac OS X"/>
    <property name="java.vm.specification.version" value="17"/>
    <property name="sun.java.launcher" value="SUN_STANDARD"/>
    <property name="user.country" value="US"/>
    <property name="sun.boot.library.path" value="/Library/Java/JavaVirtualMachines/amazon-corretto-17.jdk/Contents/Home/lib"/>
    <property name="sun.java.command" value="/Users/jiajia/Desktop/sample/restaurantOrderingSystem/target/surefire/surefirebooter-20240224173224217_3.jar /Users/jiajia/Desktop/sample/restaurantOrderingSystem/target/surefire 2024-02-24T17-32-24_105-jvmRun1 surefire-20240224173224217_1tmp surefire_0-20240224173224217_2tmp"/>
    <property name="jdk.debug" value="release"/>
    <property name="surefire.test.class.path" value="/Users/jiajia/Desktop/sample/restaurantOrderingSystem/target/test-classes:/Users/jiajia/Desktop/sample/restaurantOrderingSystem/target/classes:/Users/jiajia/.m2/repository/org/springframework/boot/spring-boot-starter/2.3.7.RELEASE/spring-boot-starter-2.3.7.RELEASE.jar:/Users/jiajia/.m2/repository/org/springframework/boot/spring-boot/2.3.7.RELEASE/spring-boot-2.3.7.RELEASE.jar:/Users/jiajia/.m2/repository/org/springframework/spring-context/5.2.12.RELEASE/spring-context-5.2.12.RELEASE.jar:/Users/jiajia/.m2/repository/org/springframework/boot/spring-boot-autoconfigure/2.3.7.RELEASE/spring-boot-autoconfigure-2.3.7.RELEASE.jar:/Users/jiajia/.m2/repository/org/springframework/boot/spring-boot-starter-logging/2.3.7.RELEASE/spring-boot-starter-logging-2.3.7.RELEASE.jar:/Users/jiajia/.m2/repository/ch/qos/logback/logback-classic/1.2.3/logback-classic-1.2.3.jar:/Users/jiajia/.m2/repository/ch/qos/logback/logback-core/1.2.3/logback-core-1.2.3.jar:/Users/jiajia/.m2/repository/org/apache/logging/log4j/log4j-to-slf4j/2.13.3/log4j-to-slf4j-2.13.3.jar:/Users/jiajia/.m2/repository/org/apache/logging/log4j/log4j-api/2.13.3/log4j-api-2.13.3.jar:/Users/jiajia/.m2/repository/org/slf4j/jul-to-slf4j/1.7.30/jul-to-slf4j-1.7.30.jar:/Users/jiajia/.m2/repository/jakarta/annotation/jakarta.annotation-api/1.3.5/jakarta.annotation-api-1.3.5.jar:/Users/jiajia/.m2/repository/org/springframework/spring-core/5.2.12.RELEASE/spring-core-5.2.12.RELEASE.jar:/Users/jiajia/.m2/repository/org/springframework/spring-jcl/5.2.12.RELEASE/spring-jcl-5.2.12.RELEASE.jar:/Users/jiajia/.m2/repository/org/yaml/snakeyaml/1.26/snakeyaml-1.26.jar:/Users/jiajia/.m2/repository/org/springframework/boot/spring-boot-starter-test/2.3.7.RELEASE/spring-boot-starter-test-2.3.7.RELEASE.jar:/Users/jiajia/.m2/repository/org/springframework/boot/spring-boot-test/2.3.7.RELEASE/spring-boot-test-2.3.7.RELEASE.jar:/Users/jiajia/.m2/repository/org/springframework/boot/spring-boot-test-autoconfigure/2.3.7.RELEASE/spring-boot-test-autoconfigure-2.3.7.RELEASE.jar:/Users/jiajia/.m2/repository/com/jayway/jsonpath/json-path/2.4.0/json-path-2.4.0.jar:/Users/jiajia/.m2/repository/net/minidev/json-smart/2.3/json-smart-2.3.jar:/Users/jiajia/.m2/repository/net/minidev/accessors-smart/1.2/accessors-smart-1.2.jar:/Users/jiajia/.m2/repository/org/ow2/asm/asm/5.0.4/asm-5.0.4.jar:/Users/jiajia/.m2/repository/jakarta/xml/bind/jakarta.xml.bind-api/2.3.3/jakarta.xml.bind-api-2.3.3.jar:/Users/jiajia/.m2/repository/jakarta/activation/jakarta.activation-api/1.2.2/jakarta.activation-api-1.2.2.jar:/Users/jiajia/.m2/repository/org/assertj/assertj-core/3.16.1/assertj-core-3.16.1.jar:/Users/jiajia/.m2/repository/org/hamcrest/hamcrest/2.2/hamcrest-2.2.jar:/Users/jiajia/.m2/repository/org/junit/jupiter/junit-jupiter/5.6.3/junit-jupiter-5.6.3.jar:/Users/jiajia/.m2/repository/org/junit/jupiter/junit-jupiter-api/5.6.3/junit-jupiter-api-5.6.3.jar:/Users/jiajia/.m2/repository/org/opentest4j/opentest4j/1.2.0/opentest4j-1.2.0.jar:/Users/jiajia/.m2/repository/org/junit/platform/junit-platform-commons/1.6.3/junit-platform-commons-1.6.3.jar:/Users/jiajia/.m2/repository/org/junit/jupiter/junit-jupiter-params/5.6.3/junit-jupiter-params-5.6.3.jar:/Users/jiajia/.m2/repository/org/junit/jupiter/junit-jupiter-engine/5.6.3/junit-jupiter-engine-5.6.3.jar:/Users/jiajia/.m2/repository/org/junit/vintage/junit-vintage-engine/5.6.3/junit-vintage-engine-5.6.3.jar:/Users/jiajia/.m2/repository/org/apiguardian/apiguardian-api/1.1.0/apiguardian-api-1.1.0.jar:/Users/jiajia/.m2/repository/org/junit/platform/junit-platform-engine/1.6.3/junit-platform-engine-1.6.3.jar:/Users/jiajia/.m2/repository/junit/junit/4.13.1/junit-4.13.1.jar:/Users/jiajia/.m2/repository/org/mockito/mockito-core/3.3.3/mockito-core-3.3.3.jar:/Users/jiajia/.m2/repository/net/bytebuddy/byte-buddy/1.10.18/byte-buddy-1.10.18.jar:/Users/jiajia/.m2/repository/net/bytebuddy/byte-buddy-agent/1.10.18/byte-buddy-agent-1.10.18.jar:/Users/jiajia/.m2/repository/org/objenesis/objenesis/2.6/objenesis-2.6.jar:/Users/jiajia/.m2/repository/org/mockito/mockito-junit-jupiter/3.3.3/mockito-junit-jupiter-3.3.3.jar:/Users/jiajia/.m2/repository/org/skyscreamer/jsonassert/1.5.0/jsonassert-1.5.0.jar:/Users/jiajia/.m2/repository/com/vaadin/external/google/android-json/0.0.20131108.vaadin1/android-json-0.0.20131108.vaadin1.jar:/Users/jiajia/.m2/repository/org/springframework/spring-test/5.2.12.RELEASE/spring-test-5.2.12.RELEASE.jar:/Users/jiajia/.m2/repository/org/xmlunit/xmlunit-core/2.7.0/xmlunit-core-2.7.0.jar:/Users/jiajia/.m2/repository/com/baomidou/mybatis-plus-boot-starter/3.5.2/mybatis-plus-boot-starter-3.5.2.jar:/Users/jiajia/.m2/repository/com/baomidou/mybatis-plus/3.5.2/mybatis-plus-3.5.2.jar:/Users/jiajia/.m2/repository/com/baomidou/mybatis-plus-extension/3.5.2/mybatis-plus-extension-3.5.2.jar:/Users/jiajia/.m2/repository/com/baomidou/mybatis-plus-core/3.5.2/mybatis-plus-core-3.5.2.jar:/Users/jiajia/.m2/repository/com/baomidou/mybatis-plus-annotation/3.5.2/mybatis-plus-annotation-3.5.2.jar:/Users/jiajia/.m2/repository/com/github/jsqlparser/jsqlparser/4.4/jsqlparser-4.4.jar:/Users/jiajia/.m2/repository/org/mybatis/mybatis/3.5.10/mybatis-3.5.10.jar:/Users/jiajia/.m2/repository/org/mybatis/mybatis-spring/2.0.7/mybatis-spring-2.0.7.jar:/Users/jiajia/.m2/repository/org/jetbrains/kotlin/kotlin-stdlib-jdk8/1.3.72/kotlin-stdlib-jdk8-1.3.72.jar:/Users/jiajia/.m2/repository/org/jetbrains/kotlin/kotlin-stdlib/1.3.72/kotlin-stdlib-1.3.72.jar:/Users/jiajia/.m2/repository/org/jetbrains/kotlin/kotlin-stdlib-common/1.3.72/kotlin-stdlib-common-1.3.72.jar:/Users/jiajia/.m2/repository/org/jetbrains/annotations/13.0/annotations-13.0.jar:/Users/jiajia/.m2/repository/org/jetbrains/kotlin/kotlin-stdlib-jdk7/1.3.72/kotlin-stdlib-jdk7-1.3.72.jar:/Users/jiajia/.m2/repository/org/springframework/boot/spring-boot-starter-jdbc/2.3.7.RELEASE/spring-boot-starter-jdbc-2.3.7.RELEASE.jar:/Users/jiajia/.m2/repository/com/zaxxer/HikariCP/3.4.5/HikariCP-3.4.5.jar:/Users/jiajia/.m2/repository/org/springframework/spring-jdbc/5.2.12.RELEASE/spring-jdbc-5.2.12.RELEASE.jar:/Users/jiajia/.m2/repository/org/springframework/spring-tx/5.2.12.RELEASE/spring-tx-5.2.12.RELEASE.jar:/Users/jiajia/.m2/repository/org/springframework/boot/spring-boot-starter-web/2.3.7.RELEASE/spring-boot-starter-web-2.3.7.RELEASE.jar:/Users/jiajia/.m2/repository/org/springframework/boot/spring-boot-starter-json/2.3.7.RELEASE/spring-boot-starter-json-2.3.7.RELEASE.jar:/Users/jiajia/.m2/repository/com/fasterxml/jackson/core/jackson-databind/2.11.3/jackson-databind-2.11.3.jar:/Users/jiajia/.m2/repository/com/fasterxml/jackson/core/jackson-annotations/2.11.3/jackson-annotations-2.11.3.jar:/Users/jiajia/.m2/repository/com/fasterxml/jackson/core/jackson-core/2.11.3/jackson-core-2.11.3.jar:/Users/jiajia/.m2/repository/com/fasterxml/jackson/datatype/jackson-datatype-jdk8/2.11.3/jackson-datatype-jdk8-2.11.3.jar:/Users/jiajia/.m2/repository/com/fasterxml/jackson/datatype/jackson-datatype-jsr310/2.11.3/jackson-datatype-jsr310-2.11.3.jar:/Users/jiajia/.m2/repository/com/fasterxml/jackson/module/jackson-module-parameter-names/2.11.3/jackson-module-parameter-names-2.11.3.jar:/Users/jiajia/.m2/repository/org/springframework/boot/spring-boot-starter-tomcat/2.3.7.RELEASE/spring-boot-starter-tomcat-2.3.7.RELEASE.jar:/Users/jiajia/.m2/repository/org/apache/tomcat/embed/tomcat-embed-core/9.0.41/tomcat-embed-core-9.0.41.jar:/Users/jiajia/.m2/repository/org/glassfish/jakarta.el/3.0.3/jakarta.el-3.0.3.jar:/Users/jiajia/.m2/repository/org/apache/tomcat/embed/tomcat-embed-websocket/9.0.41/tomcat-embed-websocket-9.0.41.jar:/Users/jiajia/.m2/repository/org/springframework/spring-web/5.2.12.RELEASE/spring-web-5.2.12.RELEASE.jar:/Users/jiajia/.m2/repository/org/springframework/spring-beans/5.2.12.RELEASE/spring-beans-5.2.12.RELEASE.jar:/Users/jiajia/.m2/repository/org/springframework/spring-webmvc/5.2.12.RELEASE/spring-webmvc-5.2.12.RELEASE.jar:/Users/jiajia/.m2/repository/org/springframework/spring-aop/5.2.12.RELEASE/spring-aop-5.2.12.RELEASE.jar:/Users/jiajia/.m2/repository/org/springframework/spring-expression/5.2.12.RELEASE/spring-expression-5.2.12.RELEASE.jar:/Users/jiajia/.m2/repository/org/springframework/boot/spring-boot-starter-mail/2.3.7.RELEASE/spring-boot-starter-mail-2.3.7.RELEASE.jar:/Users/jiajia/.m2/repository/org/springframework/spring-context-support/5.2.12.RELEASE/spring-context-support-5.2.12.RELEASE.jar:/Users/jiajia/.m2/repository/com/sun/mail/jakarta.mail/1.6.5/jakarta.mail-1.6.5.jar:/Users/jiajia/.m2/repository/com/sun/activation/jakarta.activation/1.2.2/jakarta.activation-1.2.2.jar:/Users/jiajia/.m2/repository/org/projectlombok/lombok/1.18.24/lombok-1.18.24.jar:/Users/jiajia/.m2/repository/com/alibaba/fastjson/2.0.20/fastjson-2.0.20.jar:/Users/jiajia/.m2/repository/com/alibaba/fastjson2/fastjson2-extension/2.0.20/fastjson2-extension-2.0.20.jar:/Users/jiajia/.m2/repository/com/alibaba/fastjson2/fastjson2/2.0.20/fastjson2-2.0.20.jar:/Users/jiajia/.m2/repository/commons-lang/commons-lang/2.6/commons-lang-2.6.jar:/Users/jiajia/.m2/repository/mysql/mysql-connector-java/8.0.22/mysql-connector-java-8.0.22.jar:/Users/jiajia/.m2/repository/com/alibaba/druid-spring-boot-starter/1.2.15/druid-spring-boot-starter-1.2.15.jar:/Users/jiajia/.m2/repository/com/alibaba/druid/1.2.15/druid-1.2.15.jar:/Users/jiajia/.m2/repository/org/slf4j/slf4j-api/1.7.30/slf4j-api-1.7.30.jar:/Users/jiajia/.m2/repository/com/aliyun/aliyun-java-sdk-core/4.6.3/aliyun-java-sdk-core-4.6.3.jar:/Users/jiajia/.m2/repository/com/google/code/gson/gson/2.8.6/gson-2.8.6.jar:/Users/jiajia/.m2/repository/org/apache/httpcomponents/httpclient/4.5.13/httpclient-4.5.13.jar:/Users/jiajia/.m2/repository/commons-codec/commons-codec/1.14/commons-codec-1.14.jar:/Users/jiajia/.m2/repository/org/apache/httpcomponents/httpcore/4.4.14/httpcore-4.4.14.jar:/Users/jiajia/.m2/repository/commons-logging/commons-logging/1.2/commons-logging-1.2.jar:/Users/jiajia/.m2/repository/org/apache/commons/commons-lang3/3.10/commons-lang3-3.10.jar:/Users/jiajia/.m2/repository/javax/xml/bind/jaxb-api/2.3.1/jaxb-api-2.3.1.jar:/Users/jiajia/.m2/repository/javax/activation/javax.activation-api/1.2.0/javax.activation-api-1.2.0.jar:/Users/jiajia/.m2/repository/org/glassfish/jaxb/jaxb-runtime/2.3.3/jaxb-runtime-2.3.3.jar:/Users/jiajia/.m2/repository/org/glassfish/jaxb/txw2/2.3.3/txw2-2.3.3.jar:/Users/jiajia/.m2/repository/com/sun/istack/istack-commons-runtime/3.0.11/istack-commons-runtime-3.0.11.jar:/Users/jiajia/.m2/repository/org/bouncycastle/bcprov-jdk15on/1.70/bcprov-jdk15on-1.70.jar:/Users/jiajia/.m2/repository/org/jacoco/org.jacoco.agent/0.8.8/org.jacoco.agent-0.8.8-runtime.jar:/Users/jiajia/.m2/repository/org/ini4j/ini4j/0.5.4/ini4j-0.5.4.jar:/Users/jiajia/.m2/repository/io/opentracing/opentracing-api/0.33.0/opentracing-api-0.33.0.jar:/Users/jiajia/.m2/repository/io/opentracing/opentracing-util/0.33.0/opentracing-util-0.33.0.jar:/Users/jiajia/.m2/repository/io/opentracing/opentracing-noop/0.33.0/opentracing-noop-0.33.0.jar:/Users/jiajia/.m2/repository/com/aliyun/aliyun-java-sdk-dysmsapi/2.2.1/aliyun-java-sdk-dysmsapi-2.2.1.jar:"/>
    <property name="sun.cpu.endian" value="little"/>
    <property name="user.home" value="/Users/jiajia"/>
    <property name="user.language" value="en"/>
    <property name="java.specification.vendor" value="Oracle Corporation"/>
    <property name="java.version.date" value="2022-08-12"/>
    <property name="java.home" value="/Library/Java/JavaVirtualMachines/amazon-corretto-17.jdk/Contents/Home"/>
    <property name="file.separator" value="/"/>
    <property name="basedir" value="/Users/jiajia/Desktop/sample/restaurantOrderingSystem"/>
    <property name="java.vm.compressedOopsMode" value="Zero based"/>
    <property name="line.separator" value="&#10;"/>
    <property name="java.specification.name" value="Java Platform API Specification"/>
    <property name="java.vm.specification.vendor" value="Oracle Corporation"/>
    <property name="java.awt.headless" value="true"/>
    <property name="surefire.real.class.path" value="/Users/jiajia/Desktop/sample/restaurantOrderingSystem/target/surefire/surefirebooter-20240224173224217_3.jar"/>
    <property name="sun.management.compiler" value="HotSpot 64-Bit Tiered Compilers"/>
    <property name="java.runtime.version" value="17.0.4.1+9-LTS"/>
    <property name="user.name" value="jiajia"/>
    <property name="path.separator" value=":"/>
    <property name="os.version" value="12.2.1"/>
    <property name="java.runtime.name" value="OpenJDK Runtime Environment"/>
    <property name="file.encoding" value="UTF-8"/>
    <property name="spring.beaninfo.ignore" value="true"/>
    <property name="java.vm.name" value="OpenJDK 64-Bit Server VM"/>
    <property name="java.vendor.version" value="Corretto-17.0.4.9.1"/>
    <property name="localRepository" value="/Users/jiajia/.m2/repository"/>
    <property name="java.vendor.url.bug" value="https://github.com/corretto/corretto-17/issues/"/>
    <property name="java.io.tmpdir" value="/var/folders/dh/z_wczx6n7hz5sn7wfpcs_qmc0000gn/T/"/>
    <property name="java.version" value="17.0.4.1"/>
    <property name="user.dir" value="/Users/jiajia/Desktop/sample/restaurantOrderingSystem"/>
    <property name="os.arch" value="x86_64"/>
    <property name="java.vm.specification.name" value="Java Virtual Machine Specification"/>
    <property name="PID" value="46424"/>
    <property name="native.encoding" value="UTF-8"/>
    <property name="java.library.path" value="/Users/jiajia/Library/Java/Extensions:/Library/Java/Extensions:/Network/Library/Java/Extensions:/System/Library/Java/Extensions:/usr/lib/java:."/>
    <property name="java.vm.info" value="mixed mode, sharing"/>
    <property name="java.vendor" value="Amazon.com Inc."/>
    <property name="java.vm.version" value="17.0.4.1+9-LTS"/>
    <property name="sun.io.unicode.encoding" value="UnicodeBig"/>
    <property name="java.class.version" value="61.0"/>
  </properties>
  <testcase name="contextLoads" classname="com.codermast.takeoutfood.V1ApplicationTests" time="0.393">
    <system-out><![CDATA[17:32:25.112 [main] DEBUG org.springframework.test.context.BootstrapUtils - Instantiating CacheAwareContextLoaderDelegate from class [org.springframework.test.context.cache.DefaultCacheAwareContextLoaderDelegate]
17:32:25.132 [main] DEBUG org.springframework.test.context.BootstrapUtils - Instantiating BootstrapContext using constructor [public org.springframework.test.context.support.DefaultBootstrapContext(java.lang.Class,org.springframework.test.context.CacheAwareContextLoaderDelegate)]
17:32:25.166 [main] DEBUG org.springframework.test.context.BootstrapUtils - Instantiating TestContextBootstrapper for test class [com.codermast.takeoutfood.V1ApplicationTests] from class [org.springframework.boot.test.context.SpringBootTestContextBootstrapper]
17:32:25.186 [main] INFO org.springframework.boot.test.context.SpringBootTestContextBootstrapper - Neither @ContextConfiguration nor @ContextHierarchy found for test class [com.codermast.takeoutfood.V1ApplicationTests], using SpringBootContextLoader
17:32:25.190 [main] DEBUG org.springframework.test.context.support.AbstractContextLoader - Did not detect default resource location for test class [com.codermast.takeoutfood.V1ApplicationTests]: class path resource [com/codermast/takeoutfood/V1ApplicationTests-context.xml] does not exist
17:32:25.191 [main] DEBUG org.springframework.test.context.support.AbstractContextLoader - Did not detect default resource location for test class [com.codermast.takeoutfood.V1ApplicationTests]: class path resource [com/codermast/takeoutfood/V1ApplicationTestsContext.groovy] does not exist
17:32:25.192 [main] INFO org.springframework.test.context.support.AbstractContextLoader - Could not detect default resource locations for test class [com.codermast.takeoutfood.V1ApplicationTests]: no resource found for suffixes {-context.xml, Context.groovy}.
17:32:25.192 [main] INFO org.springframework.test.context.support.AnnotationConfigContextLoaderUtils - Could not detect default configuration classes for test class [com.codermast.takeoutfood.V1ApplicationTests]: V1ApplicationTests does not declare any static, non-private, non-final, nested classes annotated with @Configuration.
17:32:25.247 [main] DEBUG org.springframework.test.context.support.ActiveProfilesUtils - Could not find an 'annotation declaring class' for annotation type [org.springframework.test.context.ActiveProfiles] and class [com.codermast.takeoutfood.V1ApplicationTests]
17:32:25.323 [main] DEBUG org.springframework.context.annotation.ClassPathScanningCandidateComponentProvider - Identified candidate component class: file [/Users/jiajia/Desktop/sample/restaurantOrderingSystem/target/classes/com/codermast/takeoutfood/V1Application.class]
17:32:25.324 [main] INFO org.springframework.boot.test.context.SpringBootTestContextBootstrapper - Found @SpringBootConfiguration com.codermast.takeoutfood.V1Application for test class com.codermast.takeoutfood.V1ApplicationTests
17:32:25.428 [main] DEBUG org.springframework.boot.test.context.SpringBootTestContextBootstrapper - @TestExecutionListeners is not present for class [com.codermast.takeoutfood.V1ApplicationTests]: using defaults.
17:32:25.429 [main] INFO org.springframework.boot.test.context.SpringBootTestContextBootstrapper - Loaded default TestExecutionListener class names from location [META-INF/spring.factories]: [org.springframework.boot.test.mock.mockito.MockitoTestExecutionListener, org.springframework.boot.test.mock.mockito.ResetMocksTestExecutionListener, org.springframework.boot.test.autoconfigure.restdocs.RestDocsTestExecutionListener, org.springframework.boot.test.autoconfigure.web.client.MockRestServiceServerResetTestExecutionListener, org.springframework.boot.test.autoconfigure.web.servlet.MockMvcPrintOnlyOnFailureTestExecutionListener, org.springframework.boot.test.autoconfigure.web.servlet.WebDriverTestExecutionListener, org.springframework.boot.test.autoconfigure.webservices.client.MockWebServiceServerTestExecutionListener, org.springframework.test.context.web.ServletTestExecutionListener, org.springframework.test.context.support.DirtiesContextBeforeModesTestExecutionListener, org.springframework.test.context.support.DependencyInjectionTestExecutionListener, org.springframework.test.context.support.DirtiesContextTestExecutionListener, org.springframework.test.context.transaction.TransactionalTestExecutionListener, org.springframework.test.context.jdbc.SqlScriptsTestExecutionListener, org.springframework.test.context.event.EventPublishingTestExecutionListener]
17:32:25.446 [main] INFO org.springframework.boot.test.context.SpringBootTestContextBootstrapper - Using TestExecutionListeners: [org.springframework.test.context.web.ServletTestExecutionListener@3688eb5b, org.springframework.test.context.support.DirtiesContextBeforeModesTestExecutionListener@69f1a286, org.springframework.boot.test.mock.mockito.MockitoTestExecutionListener@7922d892, org.springframework.boot.test.autoconfigure.SpringBootDependencyInjectionTestExecutionListener@457c9034, org.springframework.test.context.support.DirtiesContextTestExecutionListener@345f69f3, org.springframework.test.context.transaction.TransactionalTestExecutionListener@50de186c, org.springframework.test.context.jdbc.SqlScriptsTestExecutionListener@3f57bcad, org.springframework.test.context.event.EventPublishingTestExecutionListener@1e8b7643, org.springframework.boot.test.mock.mockito.ResetMocksTestExecutionListener@51549490, org.springframework.boot.test.autoconfigure.restdocs.RestDocsTestExecutionListener@71e9ebae, org.springframework.boot.test.autoconfigure.web.client.MockRestServiceServerResetTestExecutionListener@73d983ea, org.springframework.boot.test.autoconfigure.web.servlet.MockMvcPrintOnlyOnFailureTestExecutionListener@36a5cabc, org.springframework.boot.test.autoconfigure.web.servlet.WebDriverTestExecutionListener@432038ec, org.springframework.boot.test.autoconfigure.webservices.client.MockWebServiceServerTestExecutionListener@7daa0fbd]
17:32:25.449 [main] DEBUG org.springframework.test.context.support.AbstractDirtiesContextTestExecutionListener - Before test class: context [DefaultTestContext@7d446ed1 testClass = V1ApplicationTests, testInstance = [null], testMethod = [null], testException = [null], mergedContextConfiguration = [WebMergedContextConfiguration@12d2ce03 testClass = V1ApplicationTests, locations = '{}', classes = '{class com.codermast.takeoutfood.V1Application}', contextInitializerClasses = '[]', activeProfiles = '{}', propertySourceLocations = '{}', propertySourceProperties = '{org.springframework.boot.test.context.SpringBootTestContextBootstrapper=true}', contextCustomizers = set[org.springframework.boot.test.context.filter.ExcludeFilterContextCustomizer@24fcf36f, org.springframework.boot.test.json.DuplicateJsonObjectContextCustomizerFactory$DuplicateJsonObjectContextCustomizer@ea6147e, org.springframework.boot.test.mock.mockito.MockitoContextCustomizer@0, org.springframework.boot.test.web.client.TestRestTemplateContextCustomizer@76c3e77a, org.springframework.boot.test.autoconfigure.properties.PropertyMappingContextCustomizer@0, org.springframework.boot.test.autoconfigure.web.servlet.WebDriverContextCustomizerFactory$Customizer@611889f4, org.springframework.boot.test.context.SpringBootTestArgs@1, org.springframework.boot.test.context.SpringBootTestWebEnvironment@4b553d26], resourceBasePath = 'src/main/webapp', contextLoader = 'org.springframework.boot.test.context.SpringBootContextLoader', parent = [null]], attributes = map['org.springframework.test.context.web.ServletTestExecutionListener.activateListener' -> true]], class annotated with @DirtiesContext [false] with mode [null].
17:32:25.482 [main] DEBUG org.springframework.test.context.support.TestPropertySourceUtils - Adding inlined properties to environment: {spring.jmx.enabled=false, org.springframework.boot.test.context.SpringBootTestContextBootstrapper=true}

  .   ____          _            __ _ _
 /\\ / ___'_ __ _ _(_)_ __  __ _ \ \ \ \
( ( )\___ | '_ | '_| | '_ \/ _` | \ \ \ \
 \\/  ___)| |_)| | | | | || (_| |  ) ) ) )
  '  |____| .__|_| |_|_| |_\__, | / / / /
 =========|_|==============|___/=/_/_/_/
 :: Spring Boot ::        (v2.3.7.RELEASE)

2024-02-24 17:32:26.026  INFO 46424 --- [           main] c.c.takeoutfood.V1ApplicationTests       : Starting V1ApplicationTests on AnnaMacBook.local with PID 46424 (started by jiajia in /Users/jiajia/Desktop/sample/restaurantOrderingSystem)
2024-02-24 17:32:26.028  INFO 46424 --- [           main] c.c.takeoutfood.V1ApplicationTests       : No active profile set, falling back to default profiles: default
2024-02-24 17:32:26.278  WARN 46424 --- [kground-preinit] o.s.h.c.j.Jackson2ObjectMapperBuilder    : For Jackson Kotlin classes support please add "com.fasterxml.jackson.module:jackson-module-kotlin" to the classpath
Logging initialized using 'class org.apache.ibatis.logging.stdout.StdOutImpl' adapter.
2024-02-24 17:32:27.537  INFO 46424 --- [           main] c.a.d.s.b.a.DruidDataSourceAutoConfigure : Init DruidDataSource
2024-02-24 17:32:27.887  INFO 46424 --- [           main] com.alibaba.druid.pool.DruidDataSource   : {dataSource-1} inited
Registered plugin: 'com.baomidou.mybatisplus.extension.plugins.MybatisPlusInterceptor@372ca2d6'
Property 'mapperLocations' was not specified.
 _ _   |_  _ _|_. ___ _ |    _ 
| | |\/|_)(_| | |_\  |_)||_|_\ 
     /               |         
                        3.5.2 
2024-02-24 17:32:28.944  INFO 46424 --- [           main] c.c.takeoutfood.config.WebMvcConfig      : 使用自定义消息转换器
2024-02-24 17:32:28.961  INFO 46424 --- [           main] c.c.takeoutfood.config.WebMvcConfig      : 静态资源开始映射...
2024-02-24 17:32:29.613  INFO 46424 --- [           main] c.c.takeoutfood.V1ApplicationTests       : Started V1ApplicationTests in 4.117 seconds (JVM running for 5.294)
]]></system-out>
  </testcase>
</testsuite>